gcc ./src/arp.c -E -MM -w  -I../Pub -I../Pub/apl -I../Pub/common -I../Pub/drv -I../Pub/hsm -I../Pub/mid -I../Pub/mid/model -I../Pub/modelDefine -I../Pub/os -I../Pub/task -I../Pub/Test -I../Pub/Utl -I./include > DefaultBuild/arp.d       
ccrx    ./src/arp.c -isa=rxv1 -fpu -auto_enum -output=obj -obj_path=DefaultBuild -debug -optimize=0 -volatile -nologo -utf8  -include=../Pub -include=../Pub/apl -include=../Pub/common -include=../Pub/drv -include=../Pub/hsm -include=../Pub/mid -include=../Pub/mid/model -include=../Pub/modelDefine -include=../Pub/os -include=../Pub/task -include=../Pub/Test -include=../Pub/Utl -include=./include 2>&1 | tee DefaultBuild/arp_Compile.log
gcc ./src/enc28j60.c -E -MM -w  -I../Pub -I../Pub/apl -I../Pub/common -I../Pub/drv -I../Pub/hsm -I../Pub/mid -I../Pub/mid/model -I../Pub/modelDefine -I../Pub/os -I../Pub/task -I../Pub/Test -I../Pub/Utl -I./include > DefaultBuild/enc28j60.d       
ccrx    ./src/enc28j60.c -isa=rxv1 -fpu -auto_enum -output=obj -obj_path=DefaultBuild -debug -optimize=0 -volatile -nologo -utf8  -include=../Pub -include=../Pub/apl -include=../Pub/common -include=../Pub/drv -include=../Pub/hsm -include=../Pub/mid -include=../Pub/mid/model -include=../Pub/modelDefine -include=../Pub/os -include=../Pub/task -include=../Pub/Test -include=../Pub/Utl -include=./include 2>&1 | tee DefaultBuild/enc28j60_Compile.log
./src/enc28j60.c(412):W0520177:Function "enc28j60_read_phyreg" was declared but never referenced
./src/enc28j60.c(607):W0520177:Function "enc28j60getrev" was declared but never referenced
gcc ./src/ethernet.c -E -MM -w  -I../Pub -I../Pub/apl -I../Pub/common -I../Pub/drv -I../Pub/hsm -I../Pub/mid -I../Pub/mid/model -I../Pub/modelDefine -I../Pub/os -I../Pub/task -I../Pub/Test -I../Pub/Utl -I./include > DefaultBuild/ethernet.d       
ccrx    ./src/ethernet.c -isa=rxv1 -fpu -auto_enum -output=obj -obj_path=DefaultBuild -debug -optimize=0 -volatile -nologo -utf8  -include=../Pub -include=../Pub/apl -include=../Pub/common -include=../Pub/drv -include=../Pub/hsm -include=../Pub/mid -include=../Pub/mid/model -include=../Pub/modelDefine -include=../Pub/os -include=../Pub/task -include=../Pub/Test -include=../Pub/Utl -include=./include 2>&1 | tee DefaultBuild/ethernet_Compile.log
gcc ./src/http.c -E -MM -w  -I../Pub -I../Pub/apl -I../Pub/common -I../Pub/drv -I../Pub/hsm -I../Pub/mid -I../Pub/mid/model -I../Pub/modelDefine -I../Pub/os -I../Pub/task -I../Pub/Test -I../Pub/Utl -I./include > DefaultBuild/http.d       
ccrx    ./src/http.c -isa=rxv1 -fpu -auto_enum -output=obj -obj_path=DefaultBuild -debug -optimize=0 -volatile -nologo -utf8  -include=../Pub -include=../Pub/apl -include=../Pub/common -include=../Pub/drv -include=../Pub/hsm -include=../Pub/mid -include=../Pub/mid/model -include=../Pub/modelDefine -include=../Pub/os -include=../Pub/task -include=../Pub/Test -include=../Pub/Utl -include=./include 2>&1 | tee DefaultBuild/http_Compile.log
./include/http.h(47):E0520020:Identifier "HTTP_MAX_HEADER_ROWS_LENGTH" is undefined
./include/http.h(48):E0520020:Identifier "HTTP_MAX_DATA_LENGTH" is undefined
./include/http.h(56):E0520020:Identifier "HTTP_MAX_URL_LENGTH" is undefined
./include/http.h(81):W0520815:Type qualifier on return type is meaningless
./include/http.h(86):W0520815:Type qualifier on return type is meaningless
./src/http.c(18):E0520065:Expected a ";"
./src/http.c(75):W0520012:Parsing restarts here after previous syntax error
./src/http.c(4):W0520177:Variable "incomingRequestConnectionId" was declared but never referenced
./src/http.c(5):W0520177:Variable "incomingResponseConnectionId" was declared but never referenced
./src/http.c(6):W0520177:Variable "incomingRequestState" was declared but never referenced
./src/http.c(7):W0520177:Variable "incomingResponseState" was declared but never referenced
./src/http.c(8):W0520177:Variable "incomingMessage" was declared but never referenced
./src/http.c(9):W0520177:Variable "incomingRequest" was declared but never referenced
./src/http.c(10):W0520177:Variable "incomingResponse" was declared but never referenced
./src/http.c(11):W0520177:Variable "incomingResponseStatusMessage" was declared but never referenced
./src/http.c(77):E0520169:Expected a declaration
./src/http.c(94):W0520012:Parsing restarts here after previous syntax error
./src/http.c(95):E0520169:Expected a declaration
./src/http.c(134):W0520012:Parsing restarts here after previous syntax error
./src/http.c(135):E0520169:Expected a declaration
./src/http.c(142):W0520012:Parsing restarts here after previous syntax error
./src/http.c(143):E0520169:Expected a declaration
./src/http.c(173):W0520012:Parsing restarts here after previous syntax error
./src/http.c(174):E0520169:Expected a declaration
./src/http.c(176):W0520077:This declaration has no storage class or type specifier
./src/http.c(176):E0520065:Expected a ";"
./src/http.c(177):E0520169:Expected a declaration
./src/http.c(178):E0520169:Expected a declaration
./src/http.c(217):W0520012:Parsing restarts here after previous syntax error
./src/http.c(218):E0520040:Expected an identifier
./src/http.c(218):E0520040:Expected an identifier
./src/http.c(218):E0520040:Expected an identifier
./src/http.c(218):E0520040:Expected an identifier
./src/http.c(218):W0520077:This declaration has no storage class or type specifier
./src/http.c(219):E0520169:Expected a declaration
./src/http.c(220):E0520169:Expected a declaration
./src/http.c(250):W0520012:Parsing restarts here after previous syntax error
./src/http.c(251):E0520169:Expected a declaration
./src/http.c(255):W0520012:Parsing restarts here after previous syntax error
./src/http.c(256):W0520077:This declaration has no storage class or type specifier
./src/http.c(257):W0520077:This declaration has no storage class or type specifier
./src/http.c(257):E0520065:Expected a ";"
./src/http.c(258):E0520169:Expected a declaration
./src/http.c(259):E0520169:Expected a declaration
./src/http.c(261):W0520077:This declaration has no storage class or type specifier
./src/http.c(261):E0520065:Expected a ";"
./src/http.c(262):E0520169:Expected a declaration
./src/http.c(263):E0520169:Expected a declaration
./src/http.c(288):W0520012:Parsing restarts here after previous syntax error
./src/http.c(289):E0520169:Expected a declaration
./src/http.c(333):W0520012:Parsing restarts here after previous syntax error
./src/http.c(334):E0520169:Expected a declaration
./src/http.c(347):W0520012:Parsing restarts here after previous syntax error
./src/http.c(348):E0520169:Expected a declaration
./src/http.c(352):W0520012:Parsing restarts here after previous syntax error
./src/http.c(353):E0520169:Expected a declaration
./src/http.c(402):W0520012:Parsing restarts here after previous syntax error
./src/http.c(403):E0520169:Expected a declaration
./src/http.c(409):W0520012:Parsing restarts here after previous syntax error
./src/http.c(410):E0520169:Expected a declaration
./src/http.c(439):W0520012:Parsing restarts here after previous syntax error
./src/http.c(440):E0520040:Expected an identifier
./src/http.c(440):E0520018:Expected a ")"
./src/http.c(440):W0520077:This declaration has no storage class or type specifier
./src/http.c(441):E0520040:Expected an identifier
./src/http.c(441):E0520040:Expected an identifier
./src/http.c(441):E0520040:Expected an identifier
./src/http.c(441):W0520077:This declaration has no storage class or type specifier
./src/http.c(442):E0520040:Expected an identifier
./src/http.c(442):W0520077:This declaration has no storage class or type specifier
./src/http.c(443):E0520040:Expected an identifier
./src/http.c(443):E0520040:Expected an identifier
./src/http.c(443):E0520040:Expected an identifier
./src/http.c(443):W0520077:This declaration has no storage class or type specifier
./src/http.c(444):E0520040:Expected an identifier
./src/http.c(444):E0520040:Expected an identifier
./src/http.c(444):E0520040:Expected an identifier
./src/http.c(444):E0520018:Expected a ")"
./src/http.c(444):W0520077:This declaration has no storage class or type specifier
./src/http.c(445):E0520169:Expected a declaration
./src/http.c(458):W0520012:Parsing restarts here after previous syntax error
./src/http.c(459):E0520169:Expected a declaration
./src/http.c(486):W0520012:Parsing restarts here after previous syntax error
./src/http.c(487):W0520077:This declaration has no storage class or type specifier
./src/http.c(488):E0520169:Expected a declaration
./src/http.c(489):E0520169:Expected a declaration
./src/http.c(616):W0520012:Parsing restarts here after previous syntax error
./src/http.c(617):E0520169:Expected a declaration
./src/http.c(634):W0520012:Parsing restarts here after previous syntax error
./src/http.c(635):E0520040:Expected an identifier
./src/http.c(635):E0520040:Expected an identifier
./src/http.c(635):E0520040:Expected an identifier
./src/http.c(635):E0520040:Expected an identifier
./src/http.c(635):W0520077:This declaration has no storage class or type specifier
./src/http.c(636):E0520169:Expected a declaration
./src/http.c(637):E0520169:Expected a declaration
./src/http.c(660):W0520012:Parsing restarts here after previous syntax error
./src/http.c(18):W0520177:Function "HttpHeadersPutChar" was declared but never referenced
gcc ./src/icmp.c -E -MM -w  -I../Pub -I../Pub/apl -I../Pub/common -I../Pub/drv -I../Pub/hsm -I../Pub/mid -I../Pub/mid/model -I../Pub/modelDefine -I../Pub/os -I../Pub/task -I../Pub/Test -I../Pub/Utl -I./include > DefaultBuild/icmp.d       
ccrx    ./src/icmp.c -isa=rxv1 -fpu -auto_enum -output=obj -obj_path=DefaultBuild -debug -optimize=0 -volatile -nologo -utf8  -include=../Pub -include=../Pub/apl -include=../Pub/common -include=../Pub/drv -include=../Pub/hsm -include=../Pub/mid -include=../Pub/mid/model -include=../Pub/modelDefine -include=../Pub/os -include=../Pub/task -include=../Pub/Test -include=../Pub/Utl -include=./include 2>&1 | tee DefaultBuild/icmp_Compile.log
gcc ./src/ip.c -E -MM -w  -I../Pub -I../Pub/apl -I../Pub/common -I../Pub/drv -I../Pub/hsm -I../Pub/mid -I../Pub/mid/model -I../Pub/modelDefine -I../Pub/os -I../Pub/task -I../Pub/Test -I../Pub/Utl -I./include > DefaultBuild/ip.d       
ccrx    ./src/ip.c -isa=rxv1 -fpu -auto_enum -output=obj -obj_path=DefaultBuild -debug -optimize=0 -volatile -nologo -utf8  -include=../Pub -include=../Pub/apl -include=../Pub/common -include=../Pub/drv -include=../Pub/hsm -include=../Pub/mid -include=../Pub/mid/model -include=../Pub/modelDefine -include=../Pub/os -include=../Pub/task -include=../Pub/Test -include=../Pub/Utl -include=./include 2>&1 | tee DefaultBuild/ip_Compile.log
gcc ./src/main.c -E -MM -w  -I../Pub -I../Pub/apl -I../Pub/common -I../Pub/drv -I../Pub/hsm -I../Pub/mid -I../Pub/mid/model -I../Pub/modelDefine -I../Pub/os -I../Pub/task -I../Pub/Test -I../Pub/Utl -I./include > DefaultBuild/main.d       
ccrx    ./src/main.c -isa=rxv1 -fpu -auto_enum -output=obj -obj_path=DefaultBuild -debug -optimize=0 -volatile -nologo -utf8  -include=../Pub -include=../Pub/apl -include=../Pub/common -include=../Pub/drv -include=../Pub/hsm -include=../Pub/mid -include=../Pub/mid/model -include=../Pub/modelDefine -include=../Pub/os -include=../Pub/task -include=../Pub/Test -include=../Pub/Utl -include=./include 2>&1 | tee DefaultBuild/main_Compile.log
./src/main.c(95):E0520268:Declaration may not appear after executable statement in block
./src/main.c(96):E0520268:Declaration may not appear after executable statement in block
gcc ./src/main2.c -E -MM -w  -I../Pub -I../Pub/apl -I../Pub/common -I../Pub/drv -I../Pub/hsm -I../Pub/mid -I../Pub/mid/model -I../Pub/modelDefine -I../Pub/os -I../Pub/task -I../Pub/Test -I../Pub/Utl -I./include > DefaultBuild/main2.d       
ccrx    ./src/main2.c -isa=rxv1 -fpu -auto_enum -output=obj -obj_path=DefaultBuild -debug -optimize=0 -volatile -nologo -utf8  -include=../Pub -include=../Pub/apl -include=../Pub/common -include=../Pub/drv -include=../Pub/hsm -include=../Pub/mid -include=../Pub/mid/model -include=../Pub/modelDefine -include=../Pub/os -include=../Pub/task -include=../Pub/Test -include=../Pub/Utl -include=./include 2>&1 | tee DefaultBuild/main2_Compile.log
gcc ./src/network.c -E -MM -w  -I../Pub -I../Pub/apl -I../Pub/common -I../Pub/drv -I../Pub/hsm -I../Pub/mid -I../Pub/mid/model -I../Pub/modelDefine -I../Pub/os -I../Pub/task -I../Pub/Test -I../Pub/Utl -I./include > DefaultBuild/network.d       
ccrx    ./src/network.c -isa=rxv1 -fpu -auto_enum -output=obj -obj_path=DefaultBuild -debug -optimize=0 -volatile -nologo -utf8  -include=../Pub -include=../Pub/apl -include=../Pub/common -include=../Pub/drv -include=../Pub/hsm -include=../Pub/mid -include=../Pub/mid/model -include=../Pub/modelDefine -include=../Pub/os -include=../Pub/task -include=../Pub/Test -include=../Pub/Utl -include=./include 2>&1 | tee DefaultBuild/network_Compile.log
gcc ./src/tcp.c -E -MM -w  -I../Pub -I../Pub/apl -I../Pub/common -I../Pub/drv -I../Pub/hsm -I../Pub/mid -I../Pub/mid/model -I../Pub/modelDefine -I../Pub/os -I../Pub/task -I../Pub/Test -I../Pub/Utl -I./include > DefaultBuild/tcp.d       
ccrx    ./src/tcp.c -isa=rxv1 -fpu -auto_enum -output=obj -obj_path=DefaultBuild -debug -optimize=0 -volatile -nologo -utf8  -include=../Pub -include=../Pub/apl -include=../Pub/common -include=../Pub/drv -include=../Pub/hsm -include=../Pub/mid -include=../Pub/mid/model -include=../Pub/modelDefine -include=../Pub/os -include=../Pub/task -include=../Pub/Test -include=../Pub/Utl -include=./include 2>&1 | tee DefaultBuild/tcp_Compile.log
gcc ./src/udp.c -E -MM -w  -I../Pub -I../Pub/apl -I../Pub/common -I../Pub/drv -I../Pub/hsm -I../Pub/mid -I../Pub/mid/model -I../Pub/modelDefine -I../Pub/os -I../Pub/task -I../Pub/Test -I../Pub/Utl -I./include > DefaultBuild/udp.d       
ccrx    ./src/udp.c -isa=rxv1 -fpu -auto_enum -output=obj -obj_path=DefaultBuild -debug -optimize=0 -volatile -nologo -utf8  -include=../Pub -include=../Pub/apl -include=../Pub/common -include=../Pub/drv -include=../Pub/hsm -include=../Pub/mid -include=../Pub/mid/model -include=../Pub/modelDefine -include=../Pub/os -include=../Pub/task -include=../Pub/Test -include=../Pub/Utl -include=./include 2>&1 | tee DefaultBuild/udp_Compile.log
gcc ./src/util.c -E -MM -w  -I../Pub -I../Pub/apl -I../Pub/common -I../Pub/drv -I../Pub/hsm -I../Pub/mid -I../Pub/mid/model -I../Pub/modelDefine -I../Pub/os -I../Pub/task -I../Pub/Test -I../Pub/Utl -I./include > DefaultBuild/util.d       
ccrx    ./src/util.c -isa=rxv1 -fpu -auto_enum -output=obj -obj_path=DefaultBuild -debug -optimize=0 -volatile -nologo -utf8  -include=../Pub -include=../Pub/apl -include=../Pub/common -include=../Pub/drv -include=../Pub/hsm -include=../Pub/mid -include=../Pub/mid/model -include=../Pub/modelDefine -include=../Pub/os -include=../Pub/task -include=../Pub/Test -include=../Pub/Utl -include=./include 2>&1 | tee DefaultBuild/util_Compile.log
rlink  -noprelink -form=library=u -output=../lib/ENC28J60onRX.lib -list=../lib/ENC28J60onRX.lbp -nologo DefaultBuild/arp.obj DefaultBuild/enc28j60.obj DefaultBuild/ethernet.obj DefaultBuild/http.obj DefaultBuild/icmp.obj DefaultBuild/ip.obj DefaultBuild/main.obj DefaultBuild/main2.obj DefaultBuild/network.obj DefaultBuild/tcp.obj DefaultBuild/udp.obj DefaultBuild/util.obj

F0563300:Cannot open file : "DefaultBuild\http.obj"

Renesas Optimizing Linker Abort
make[1]: *** [/cygdrive/c/Users/Akinori/workspace/ENC28J60/ENC/common.mk:90: ../lib/ENC28J60onRX.lib] エラー 1
